Already up to date.
Traceback (most recent call last):
  File "/Users/ogurakazuki/poster-map/csv2json_small.py", line 1, in <module>
    import pandas as pd
ModuleNotFoundError: No module named 'pandas'
Already up to date.
Traceback (most recent call last):
  File "/Users/ogurakazuki/poster-map/csv2json_small.py", line 1, in <module>
    import pandas as pd
ModuleNotFoundError: No module named 'pandas'
Already up to date.
Filtered file saved to public/data/block/23-east.json
Filtered file saved to public/data/block/23-west.json
Filtered file saved to public/data/block/23-city.json
Filtered file saved to public/data/block/tama-north.json
Filtered file saved to public/data/block/tama-south.json
Filtered file saved to public/data/block/tama-west.json
Filtered file saved to public/data/block/island.json
File saved to public/data/all.json
/Users/ogurakazuki/poster-map/summarize_progress.py:9: DeprecationWarning: DataFrameGroupBy.apply operated on the grouping columns. This behavior is deprecated, and in a future version of pandas the grouping columns will be excluded from the operation. Either pass `include_groups=False` to exclude the groupings or explicitly select the grouping columns after groupby to silence this warning.
  status_counts = all_df.groupby('area').apply(
Results have been written to ./public/data/summary.json
/Users/ogurakazuki/poster-map/summarize_progress_absolute.py:9: DeprecationWarning: DataFrameGroupBy.apply operated on the grouping columns. This behavior is deprecated, and in a future version of pandas the grouping columns will be excluded from the operation. Either pass `include_groups=False` to exclude the groupings or explicitly select the grouping columns after groupby to silence this warning.
  status_counts = all_df.groupby('area').apply(
{'1.0': '0.0', '2.0': '0.0', '3.0': '0.0', '4.0': '0.0', '5.0': '0.0', '6.0': '0.0', '7.0': '0.0', '8.0': '0.0', '9.0': '0.0', '10.0': '0.0', '11.0': '0.0', '12.0': '0.0', '13.0': '0.0', '14.0': '0.0', '15.0': '0.0', '16.0': '0.0', '17.0': '0.0', '18.0': '0.0', '19.0': '0.0', '20.0': '0.0', '21.0': '0.0', '22.0': '0.0', '23.0': '0.0', '24.0': '0.0', '25.0': '0.0', '26.0': '0.0', '27.0': '0.0', '28.0': '0.0', '29.0': '0.0', '30.0': '0.0', '31.0': '0.0', '32.0': '0.0', '33.0': '0.0', '34.0': '0.0', '35.0': '0.0', '36.0': '0.0', '37.0': '0.0', '38.0': '0.0', '39.0': '0.0', '40.0': '0.0', '41.0': '0.0', '42.0': '0.0', '43.0': '0.0', '44.0': '0.0', '45.0': '0.0', '46.0': '0.0', '47.0': '0.0', '48.0': '0.0', '49.0': '0.0', '50.0': '0.0', '51.0': '0.0', '52.0': '0.0', '53.0': '0.0', '54.0': '0.0', '55.0': '0.0', '56.0': '0.0', '57.0': '0.0', '58.0': '0.0', '59.0': '0.0', '60.0': '0.0', '61.0': '0.0', '62.0': '0.0', 'total': '0'}
Results have been written to ./public/data/summary_absolute.json
[main 792a29a] Update
 1 file changed, 16 insertions(+)
fatal: could not read Username for 'https://github.com': Device not configured
Already up to date.
Filtered file saved to public/data/block/23-east.json
Filtered file saved to public/data/block/23-west.json
Filtered file saved to public/data/block/23-city.json
Filtered file saved to public/data/block/tama-north.json
Filtered file saved to public/data/block/tama-south.json
Filtered file saved to public/data/block/tama-west.json
Filtered file saved to public/data/block/island.json
File saved to public/data/all.json
/Users/ogurakazuki/poster-map/summarize_progress.py:9: DeprecationWarning: DataFrameGroupBy.apply operated on the grouping columns. This behavior is deprecated, and in a future version of pandas the grouping columns will be excluded from the operation. Either pass `include_groups=False` to exclude the groupings or explicitly select the grouping columns after groupby to silence this warning.
  status_counts = all_df.groupby('area').apply(
Results have been written to ./public/data/summary.json
/Users/ogurakazuki/poster-map/summarize_progress_absolute.py:9: DeprecationWarning: DataFrameGroupBy.apply operated on the grouping columns. This behavior is deprecated, and in a future version of pandas the grouping columns will be excluded from the operation. Either pass `include_groups=False` to exclude the groupings or explicitly select the grouping columns after groupby to silence this warning.
  status_counts = all_df.groupby('area').apply(
{'1.0': '0.0', '2.0': '0.0', '3.0': '0.0', '4.0': '0.0', '5.0': '0.0', '6.0': '0.0', '7.0': '0.0', '8.0': '0.0', '9.0': '0.0', '10.0': '0.0', '11.0': '0.0', '12.0': '0.0', '13.0': '0.0', '14.0': '0.0', '15.0': '0.0', '16.0': '0.0', '17.0': '0.0', '18.0': '0.0', '19.0': '0.0', '20.0': '0.0', '21.0': '0.0', '22.0': '0.0', '23.0': '0.0', '24.0': '0.0', '25.0': '0.0', '26.0': '0.0', '27.0': '0.0', '28.0': '0.0', '29.0': '0.0', '30.0': '0.0', '31.0': '0.0', '32.0': '0.0', '33.0': '0.0', '34.0': '0.0', '35.0': '0.0', '36.0': '0.0', '37.0': '0.0', '38.0': '0.0', '39.0': '0.0', '40.0': '0.0', '41.0': '0.0', '42.0': '0.0', '43.0': '0.0', '44.0': '0.0', '45.0': '0.0', '46.0': '0.0', '47.0': '0.0', '48.0': '0.0', '49.0': '0.0', '50.0': '0.0', '51.0': '0.0', '52.0': '0.0', '53.0': '0.0', '54.0': '0.0', '55.0': '0.0', '56.0': '0.0', '57.0': '0.0', '58.0': '0.0', '59.0': '0.0', '60.0': '0.0', '61.0': '0.0', '62.0': '0.0', 'total': '0'}
Results have been written to ./public/data/summary_absolute.json
[main 654766b] Update
 1 file changed, 19 insertions(+)
fatal: could not read Username for 'https://github.com': Device not configured
Already up to date.
Filtered file saved to public/data/block/23-east.json
Filtered file saved to public/data/block/23-west.json
Filtered file saved to public/data/block/23-city.json
Filtered file saved to public/data/block/tama-north.json
Filtered file saved to public/data/block/tama-south.json
Filtered file saved to public/data/block/tama-west.json
Filtered file saved to public/data/block/island.json
File saved to public/data/all.json
/Users/ogurakazuki/poster-map/summarize_progress.py:9: DeprecationWarning: DataFrameGroupBy.apply operated on the grouping columns. This behavior is deprecated, and in a future version of pandas the grouping columns will be excluded from the operation. Either pass `include_groups=False` to exclude the groupings or explicitly select the grouping columns after groupby to silence this warning.
  status_counts = all_df.groupby('area').apply(
Results have been written to ./public/data/summary.json
/Users/ogurakazuki/poster-map/summarize_progress_absolute.py:9: DeprecationWarning: DataFrameGroupBy.apply operated on the grouping columns. This behavior is deprecated, and in a future version of pandas the grouping columns will be excluded from the operation. Either pass `include_groups=False` to exclude the groupings or explicitly select the grouping columns after groupby to silence this warning.
  status_counts = all_df.groupby('area').apply(
{'1.0': '0.0', '2.0': '0.0', '3.0': '0.0', '4.0': '0.0', '5.0': '0.0', '6.0': '0.0', '7.0': '0.0', '8.0': '0.0', '9.0': '0.0', '10.0': '0.0', '11.0': '0.0', '12.0': '0.0', '13.0': '0.0', '14.0': '0.0', '15.0': '0.0', '16.0': '0.0', '17.0': '0.0', '18.0': '0.0', '19.0': '0.0', '20.0': '0.0', '21.0': '0.0', '22.0': '0.0', '23.0': '0.0', '24.0': '0.0', '25.0': '0.0', '26.0': '0.0', '27.0': '0.0', '28.0': '0.0', '29.0': '0.0', '30.0': '0.0', '31.0': '0.0', '32.0': '0.0', '33.0': '0.0', '34.0': '0.0', '35.0': '0.0', '36.0': '0.0', '37.0': '0.0', '38.0': '0.0', '39.0': '0.0', '40.0': '0.0', '41.0': '0.0', '42.0': '0.0', '43.0': '0.0', '44.0': '0.0', '45.0': '0.0', '46.0': '0.0', '47.0': '0.0', '48.0': '0.0', '49.0': '0.0', '50.0': '0.0', '51.0': '0.0', '52.0': '0.0', '53.0': '0.0', '54.0': '0.0', '55.0': '0.0', '56.0': '0.0', '57.0': '0.0', '58.0': '0.0', '59.0': '0.0', '60.0': '0.0', '61.0': '0.0', '62.0': '0.0', 'total': '0'}
Results have been written to ./public/data/summary_absolute.json
[main 910578d] Update
 1 file changed, 16 insertions(+)
fatal: could not read Username for 'https://github.com': Device not configured
Already up to date.
Filtered file saved to public/data/block/23-east.json
Filtered file saved to public/data/block/23-west.json
Filtered file saved to public/data/block/23-city.json
Filtered file saved to public/data/block/tama-north.json
Filtered file saved to public/data/block/tama-south.json
Filtered file saved to public/data/block/tama-west.json
Filtered file saved to public/data/block/island.json
File saved to public/data/all.json
/Users/ogurakazuki/poster-map/summarize_progress.py:9: DeprecationWarning: DataFrameGroupBy.apply operated on the grouping columns. This behavior is deprecated, and in a future version of pandas the grouping columns will be excluded from the operation. Either pass `include_groups=False` to exclude the groupings or explicitly select the grouping columns after groupby to silence this warning.
  status_counts = all_df.groupby('area').apply(
Results have been written to ./public/data/summary.json
/Users/ogurakazuki/poster-map/summarize_progress_absolute.py:9: DeprecationWarning: DataFrameGroupBy.apply operated on the grouping columns. This behavior is deprecated, and in a future version of pandas the grouping columns will be excluded from the operation. Either pass `include_groups=False` to exclude the groupings or explicitly select the grouping columns after groupby to silence this warning.
  status_counts = all_df.groupby('area').apply(
{'1.0': '0.0', '2.0': '0.0', '3.0': '0.0', '4.0': '0.0', '5.0': '0.0', '6.0': '0.0', '7.0': '0.0', '8.0': '0.0', '9.0': '0.0', '10.0': '0.0', '11.0': '0.0', '12.0': '0.0', '13.0': '0.0', '14.0': '0.0', '15.0': '0.0', '16.0': '0.0', '17.0': '0.0', '18.0': '0.0', '19.0': '0.0', '20.0': '0.0', '21.0': '0.0', '22.0': '0.0', '23.0': '0.0', '24.0': '0.0', '25.0': '0.0', '26.0': '0.0', '27.0': '0.0', '28.0': '0.0', '29.0': '0.0', '30.0': '0.0', '31.0': '0.0', '32.0': '0.0', '33.0': '0.0', '34.0': '0.0', '35.0': '0.0', '36.0': '0.0', '37.0': '0.0', '38.0': '0.0', '39.0': '0.0', '40.0': '0.0', '41.0': '0.0', '42.0': '0.0', '43.0': '0.0', '44.0': '0.0', '45.0': '0.0', '46.0': '0.0', '47.0': '0.0', '48.0': '0.0', '49.0': '0.0', '50.0': '0.0', '51.0': '0.0', '52.0': '0.0', '53.0': '0.0', '54.0': '0.0', '55.0': '0.0', '56.0': '0.0', '57.0': '0.0', '58.0': '0.0', '59.0': '0.0', '60.0': '0.0', '61.0': '0.0', '62.0': '0.0', 'total': '0'}
Results have been written to ./public/data/summary_absolute.json
[main 8f0d3cb] Update
 1 file changed, 16 insertions(+)
To github.com:oguguogu/poster-map.git
   a58e1e8..8f0d3cb  main -> main
/Users/ogurakazuki/poster-map/main.sh: line 29: .env: No such file or directory
Already up to date.
Filtered file saved to public/data/block/23-east.json
Filtered file saved to public/data/block/23-west.json
Filtered file saved to public/data/block/23-city.json
Filtered file saved to public/data/block/tama-north.json
Filtered file saved to public/data/block/tama-south.json
Filtered file saved to public/data/block/tama-west.json
Filtered file saved to public/data/block/island.json
File saved to public/data/all.json
/Users/ogurakazuki/poster-map/summarize_progress.py:9: DeprecationWarning: DataFrameGroupBy.apply operated on the grouping columns. This behavior is deprecated, and in a future version of pandas the grouping columns will be excluded from the operation. Either pass `include_groups=False` to exclude the groupings or explicitly select the grouping columns after groupby to silence this warning.
  status_counts = all_df.groupby('area').apply(
Results have been written to ./public/data/summary.json
/Users/ogurakazuki/poster-map/summarize_progress_absolute.py:9: DeprecationWarning: DataFrameGroupBy.apply operated on the grouping columns. This behavior is deprecated, and in a future version of pandas the grouping columns will be excluded from the operation. Either pass `include_groups=False` to exclude the groupings or explicitly select the grouping columns after groupby to silence this warning.
  status_counts = all_df.groupby('area').apply(
{'1.0': '0.0', '2.0': '0.0', '3.0': '0.0', '4.0': '0.0', '5.0': '0.0', '6.0': '0.0', '7.0': '0.0', '8.0': '0.0', '9.0': '0.0', '10.0': '0.0', '11.0': '0.0', '12.0': '0.0', '13.0': '0.0', '14.0': '0.0', '15.0': '0.0', '16.0': '0.0', '17.0': '0.0', '18.0': '0.0', '19.0': '0.0', '20.0': '0.0', '21.0': '0.0', '22.0': '0.0', '23.0': '0.0', '24.0': '0.0', '25.0': '0.0', '26.0': '0.0', '27.0': '0.0', '28.0': '0.0', '29.0': '0.0', '30.0': '0.0', '31.0': '0.0', '32.0': '0.0', '33.0': '0.0', '34.0': '0.0', '35.0': '0.0', '36.0': '0.0', '37.0': '0.0', '38.0': '0.0', '39.0': '0.0', '40.0': '0.0', '41.0': '0.0', '42.0': '0.0', '43.0': '0.0', '44.0': '0.0', '45.0': '0.0', '46.0': '0.0', '47.0': '0.0', '48.0': '0.0', '49.0': '0.0', '50.0': '0.0', '51.0': '0.0', '52.0': '0.0', '53.0': '0.0', '54.0': '0.0', '55.0': '0.0', '56.0': '0.0', '57.0': '0.0', '58.0': '0.0', '59.0': '0.0', '60.0': '0.0', '61.0': '0.0', '62.0': '0.0', 'total': '0'}
Results have been written to ./public/data/summary_absolute.json
[main 982f900] Update
 1 file changed, 16 insertions(+)
To github.com:oguguogu/poster-map.git
   688be68..982f900  main -> main
Already up to date.
Filtered file saved to public/data/block/23-east.json
Filtered file saved to public/data/block/23-west.json
Filtered file saved to public/data/block/23-city.json
Filtered file saved to public/data/block/tama-north.json
Filtered file saved to public/data/block/tama-south.json
Filtered file saved to public/data/block/tama-west.json
Filtered file saved to public/data/block/island.json
File saved to public/data/all.json
/Users/ogurakazuki/poster-map/summarize_progress.py:9: DeprecationWarning: DataFrameGroupBy.apply operated on the grouping columns. This behavior is deprecated, and in a future version of pandas the grouping columns will be excluded from the operation. Either pass `include_groups=False` to exclude the groupings or explicitly select the grouping columns after groupby to silence this warning.
  status_counts = all_df.groupby('area').apply(
Results have been written to ./public/data/summary.json
/Users/ogurakazuki/poster-map/summarize_progress_absolute.py:9: DeprecationWarning: DataFrameGroupBy.apply operated on the grouping columns. This behavior is deprecated, and in a future version of pandas the grouping columns will be excluded from the operation. Either pass `include_groups=False` to exclude the groupings or explicitly select the grouping columns after groupby to silence this warning.
  status_counts = all_df.groupby('area').apply(
{'1.0': '0.0', '2.0': '0.0', '3.0': '0.0', '4.0': '0.0', '5.0': '0.0', '6.0': '0.0', '7.0': '0.0', '8.0': '0.0', '9.0': '0.0', '10.0': '0.0', '11.0': '0.0', '12.0': '0.0', '13.0': '0.0', '14.0': '0.0', '15.0': '0.0', '16.0': '0.0', '17.0': '0.0', '18.0': '0.0', '19.0': '0.0', '20.0': '0.0', '21.0': '0.0', '22.0': '0.0', '23.0': '0.0', '24.0': '0.0', '25.0': '0.0', '26.0': '0.0', '27.0': '0.0', '28.0': '0.0', '29.0': '0.0', '30.0': '0.0', '31.0': '0.0', '32.0': '0.0', '33.0': '0.0', '34.0': '0.0', '35.0': '0.0', '36.0': '0.0', '37.0': '0.0', '38.0': '0.0', '39.0': '0.0', '40.0': '0.0', '41.0': '0.0', '42.0': '0.0', '43.0': '0.0', '44.0': '0.0', '45.0': '0.0', '46.0': '0.0', '47.0': '0.0', '48.0': '0.0', '49.0': '0.0', '50.0': '0.0', '51.0': '0.0', '52.0': '0.0', '53.0': '0.0', '54.0': '0.0', '55.0': '0.0', '56.0': '0.0', '57.0': '0.0', '58.0': '0.0', '59.0': '0.0', '60.0': '0.0', '61.0': '0.0', '62.0': '0.0', 'total': '0'}
Results have been written to ./public/data/summary_absolute.json
[main ff3993a] Update
 1 file changed, 20 insertions(+)
To github.com:oguguogu/poster-map.git
   982f900..ff3993a  main -> main
Already up to date.
Filtered file saved to public/data/block/23-east.json
Filtered file saved to public/data/block/23-west.json
Filtered file saved to public/data/block/23-city.json
Filtered file saved to public/data/block/tama-north.json
Filtered file saved to public/data/block/tama-south.json
Filtered file saved to public/data/block/tama-west.json
Filtered file saved to public/data/block/island.json
File saved to public/data/all.json
/Users/ogurakazuki/poster-map/summarize_progress.py:9: DeprecationWarning: DataFrameGroupBy.apply operated on the grouping columns. This behavior is deprecated, and in a future version of pandas the grouping columns will be excluded from the operation. Either pass `include_groups=False` to exclude the groupings or explicitly select the grouping columns after groupby to silence this warning.
  status_counts = all_df.groupby('area').apply(
Results have been written to ./public/data/summary.json
/Users/ogurakazuki/poster-map/summarize_progress_absolute.py:9: DeprecationWarning: DataFrameGroupBy.apply operated on the grouping columns. This behavior is deprecated, and in a future version of pandas the grouping columns will be excluded from the operation. Either pass `include_groups=False` to exclude the groupings or explicitly select the grouping columns after groupby to silence this warning.
  status_counts = all_df.groupby('area').apply(
{'1.0': '0.0', '2.0': '0.0', '3.0': '0.0', '4.0': '0.0', '5.0': '0.0', '6.0': '0.0', '7.0': '0.0', '8.0': '0.0', '9.0': '0.0', '10.0': '0.0', '11.0': '46.0', '12.0': '0.0', '13.0': '0.0', '14.0': '0.0', '15.0': '0.0', '16.0': '0.0', '17.0': '0.0', '18.0': '0.0', '19.0': '0.0', '20.0': '0.0', '21.0': '0.0', '22.0': '0.0', '23.0': '0.0', '24.0': '0.0', '25.0': '0.0', '26.0': '0.0', '27.0': '0.0', '28.0': '0.0', '29.0': '0.0', '30.0': '0.0', '31.0': '0.0', '32.0': '0.0', '33.0': '0.0', '34.0': '0.0', '35.0': '0.0', '36.0': '0.0', '37.0': '0.0', '38.0': '0.0', '39.0': '0.0', '40.0': '0.0', '41.0': '0.0', '42.0': '0.0', '43.0': '0.0', '44.0': '0.0', '45.0': '0.0', '46.0': '0.0', '47.0': '0.0', '48.0': '0.0', '49.0': '0.0', '50.0': '0.0', '51.0': '0.0', '52.0': '0.0', '53.0': '0.0', '54.0': '0.0', '55.0': '0.0', '56.0': '0.0', '57.0': '0.0', '58.0': '0.0', '59.0': '0.0', '60.0': '0.0', '61.0': '0.0', '62.0': '0.0', 'total': '46'}
Results have been written to ./public/data/summary_absolute.json
[main 01a2b48] Update
 7 files changed, 189 insertions(+), 2584 deletions(-)
To github.com:oguguogu/poster-map.git
   ff3993a..01a2b48  main -> main
Already up to date.
Filtered file saved to public/data/block/23-east.json
Filtered file saved to public/data/block/23-west.json
Filtered file saved to public/data/block/23-city.json
Filtered file saved to public/data/block/tama-north.json
Filtered file saved to public/data/block/tama-south.json
Filtered file saved to public/data/block/tama-west.json
Filtered file saved to public/data/block/island.json
File saved to public/data/all.json
/Users/ogurakazuki/poster-map/summarize_progress.py:9: DeprecationWarning: DataFrameGroupBy.apply operated on the grouping columns. This behavior is deprecated, and in a future version of pandas the grouping columns will be excluded from the operation. Either pass `include_groups=False` to exclude the groupings or explicitly select the grouping columns after groupby to silence this warning.
  status_counts = all_df.groupby('area').apply(
Results have been written to ./public/data/summary.json
/Users/ogurakazuki/poster-map/summarize_progress_absolute.py:9: DeprecationWarning: DataFrameGroupBy.apply operated on the grouping columns. This behavior is deprecated, and in a future version of pandas the grouping columns will be excluded from the operation. Either pass `include_groups=False` to exclude the groupings or explicitly select the grouping columns after groupby to silence this warning.
  status_counts = all_df.groupby('area').apply(
{'1.0': '0.0', '2.0': '0.0', '3.0': '0.0', '4.0': '0.0', '5.0': '0.0', '6.0': '0.0', '7.0': '0.0', '8.0': '0.0', '9.0': '0.0', '10.0': '0.0', '11.0': '46.0', '12.0': '0.0', '13.0': '0.0', '14.0': '0.0', '15.0': '0.0', '16.0': '0.0', '17.0': '0.0', '18.0': '0.0', '19.0': '0.0', '20.0': '0.0', '21.0': '0.0', '22.0': '0.0', '23.0': '0.0', '24.0': '0.0', '25.0': '0.0', '26.0': '0.0', '27.0': '0.0', '28.0': '0.0', '29.0': '0.0', '30.0': '0.0', '31.0': '0.0', '32.0': '0.0', '33.0': '0.0', '34.0': '0.0', '35.0': '0.0', '36.0': '0.0', '37.0': '0.0', '38.0': '0.0', '39.0': '0.0', '40.0': '0.0', '41.0': '0.0', '42.0': '0.0', '43.0': '0.0', '44.0': '0.0', '45.0': '0.0', '46.0': '0.0', '47.0': '0.0', '48.0': '0.0', '49.0': '0.0', '50.0': '0.0', '51.0': '0.0', '52.0': '0.0', '53.0': '0.0', '54.0': '0.0', '55.0': '0.0', '56.0': '0.0', '57.0': '0.0', '58.0': '0.0', '59.0': '0.0', '60.0': '0.0', '61.0': '0.0', '62.0': '0.0', 'total': '46'}
Results have been written to ./public/data/summary_absolute.json
[main 8cfffb7] Update
 1 file changed, 20 insertions(+)
To github.com:oguguogu/poster-map.git
   01a2b48..8cfffb7  main -> main
Already up to date.
Filtered file saved to public/data/block/23-east.json
Filtered file saved to public/data/block/23-west.json
Filtered file saved to public/data/block/23-city.json
Filtered file saved to public/data/block/tama-north.json
Filtered file saved to public/data/block/tama-south.json
Filtered file saved to public/data/block/tama-west.json
Filtered file saved to public/data/block/island.json
File saved to public/data/all.json
/Users/ogurakazuki/poster-map/summarize_progress.py:9: DeprecationWarning: DataFrameGroupBy.apply operated on the grouping columns. This behavior is deprecated, and in a future version of pandas the grouping columns will be excluded from the operation. Either pass `include_groups=False` to exclude the groupings or explicitly select the grouping columns after groupby to silence this warning.
  status_counts = all_df.groupby('area').apply(
Results have been written to ./public/data/summary.json
/Users/ogurakazuki/poster-map/summarize_progress_absolute.py:9: DeprecationWarning: DataFrameGroupBy.apply operated on the grouping columns. This behavior is deprecated, and in a future version of pandas the grouping columns will be excluded from the operation. Either pass `include_groups=False` to exclude the groupings or explicitly select the grouping columns after groupby to silence this warning.
  status_counts = all_df.groupby('area').apply(
{'1.0': '0.0', '2.0': '0.0', '3.0': '0.0', '4.0': '0.0', '5.0': '0.0', '6.0': '0.0', '7.0': '0.0', '8.0': '0.0', '9.0': '0.0', '10.0': '0.0', '11.0': '897.0', '12.0': '0.0', '13.0': '0.0', '14.0': '0.0', '15.0': '0.0', '16.0': '0.0', '17.0': '0.0', '18.0': '0.0', '19.0': '0.0', '20.0': '0.0', '21.0': '0.0', '22.0': '0.0', '23.0': '0.0', '24.0': '0.0', '25.0': '0.0', '26.0': '0.0', '27.0': '0.0', '28.0': '0.0', '29.0': '0.0', '30.0': '0.0', '31.0': '0.0', '32.0': '0.0', '33.0': '0.0', '34.0': '0.0', '35.0': '0.0', '36.0': '0.0', '37.0': '0.0', '38.0': '0.0', '39.0': '0.0', '40.0': '0.0', '41.0': '0.0', '42.0': '0.0', '43.0': '0.0', '44.0': '0.0', '45.0': '0.0', '46.0': '0.0', '47.0': '0.0', '48.0': '0.0', '49.0': '0.0', '50.0': '0.0', '51.0': '0.0', '52.0': '0.0', '53.0': '0.0', '54.0': '0.0', '55.0': '0.0', '56.0': '0.0', '57.0': '0.0', '58.0': '0.0', '59.0': '0.0', '60.0': '0.0', '61.0': '0.0', '62.0': '0.0', 'total': '897'}
Results have been written to ./public/data/summary_absolute.json
[main 8560feb] Update
 7 files changed, 882 insertions(+), 868 deletions(-)
To github.com:oguguogu/poster-map.git
   8cfffb7..8560feb  main -> main
Already up to date.
Filtered file saved to public/data/block/23-east.json
Filtered file saved to public/data/block/23-west.json
Filtered file saved to public/data/block/23-city.json
Filtered file saved to public/data/block/tama-north.json
Filtered file saved to public/data/block/tama-south.json
Filtered file saved to public/data/block/tama-west.json
Filtered file saved to public/data/block/island.json
File saved to public/data/all.json
/Users/ogurakazuki/poster-map/summarize_progress.py:9: DeprecationWarning: DataFrameGroupBy.apply operated on the grouping columns. This behavior is deprecated, and in a future version of pandas the grouping columns will be excluded from the operation. Either pass `include_groups=False` to exclude the groupings or explicitly select the grouping columns after groupby to silence this warning.
  status_counts = all_df.groupby('area').apply(
Results have been written to ./public/data/summary.json
/Users/ogurakazuki/poster-map/summarize_progress_absolute.py:9: DeprecationWarning: DataFrameGroupBy.apply operated on the grouping columns. This behavior is deprecated, and in a future version of pandas the grouping columns will be excluded from the operation. Either pass `include_groups=False` to exclude the groupings or explicitly select the grouping columns after groupby to silence this warning.
  status_counts = all_df.groupby('area').apply(
{'1.0': '0.0', '2.0': '0.0', '3.0': '0.0', '4.0': '0.0', '5.0': '0.0', '6.0': '0.0', '7.0': '0.0', '8.0': '0.0', '9.0': '0.0', '10.0': '0.0', '11.0': '896.0', '12.0': '0.0', '13.0': '0.0', '14.0': '0.0', '15.0': '0.0', '16.0': '0.0', '17.0': '0.0', '18.0': '0.0', '19.0': '0.0', '20.0': '0.0', '21.0': '0.0', '22.0': '0.0', '23.0': '0.0', '24.0': '0.0', '25.0': '0.0', '26.0': '0.0', '27.0': '0.0', '28.0': '0.0', '29.0': '0.0', '30.0': '0.0', '31.0': '0.0', '32.0': '0.0', '33.0': '0.0', '34.0': '0.0', '35.0': '0.0', '36.0': '0.0', '37.0': '0.0', '38.0': '0.0', '39.0': '0.0', '40.0': '0.0', '41.0': '0.0', '42.0': '0.0', '43.0': '0.0', '44.0': '0.0', '45.0': '0.0', '46.0': '0.0', '47.0': '0.0', '48.0': '0.0', '49.0': '0.0', '50.0': '0.0', '51.0': '0.0', '52.0': '0.0', '53.0': '0.0', '54.0': '0.0', '55.0': '0.0', '56.0': '0.0', '57.0': '0.0', '58.0': '0.0', '59.0': '0.0', '60.0': '0.0', '61.0': '0.0', '62.0': '0.0', 'total': '896'}
Results have been written to ./public/data/summary_absolute.json
[main 00d5ebf] Update
 10 files changed, 31 insertions(+), 13 deletions(-)
To github.com:oguguogu/poster-map.git
   8560feb..00d5ebf  main -> main
Already up to date.
Filtered file saved to public/data/block/23-east.json
Filtered file saved to public/data/block/23-west.json
Filtered file saved to public/data/block/23-city.json
Filtered file saved to public/data/block/tama-north.json
Filtered file saved to public/data/block/tama-south.json
Filtered file saved to public/data/block/tama-west.json
Filtered file saved to public/data/block/island.json
File saved to public/data/all.json
/Users/ogurakazuki/poster-map/summarize_progress.py:9: DeprecationWarning: DataFrameGroupBy.apply operated on the grouping columns. This behavior is deprecated, and in a future version of pandas the grouping columns will be excluded from the operation. Either pass `include_groups=False` to exclude the groupings or explicitly select the grouping columns after groupby to silence this warning.
  status_counts = all_df.groupby('area').apply(
Results have been written to ./public/data/summary.json
/Users/ogurakazuki/poster-map/summarize_progress_absolute.py:9: DeprecationWarning: DataFrameGroupBy.apply operated on the grouping columns. This behavior is deprecated, and in a future version of pandas the grouping columns will be excluded from the operation. Either pass `include_groups=False` to exclude the groupings or explicitly select the grouping columns after groupby to silence this warning.
  status_counts = all_df.groupby('area').apply(
{'1.0': '0.0', '2.0': '0.0', '3.0': '0.0', '4.0': '0.0', '5.0': '0.0', '6.0': '0.0', '7.0': '0.0', '8.0': '0.0', '9.0': '0.0', '10.0': '0.0', '11.0': '896.0', '12.0': '0.0', '13.0': '0.0', '14.0': '0.0', '15.0': '0.0', '16.0': '0.0', '17.0': '0.0', '18.0': '0.0', '19.0': '0.0', '20.0': '0.0', '21.0': '0.0', '22.0': '0.0', '23.0': '0.0', '24.0': '0.0', '25.0': '0.0', '26.0': '0.0', '27.0': '0.0', '28.0': '0.0', '29.0': '0.0', '30.0': '0.0', '31.0': '0.0', '32.0': '0.0', '33.0': '0.0', '34.0': '0.0', '35.0': '0.0', '36.0': '0.0', '37.0': '0.0', '38.0': '0.0', '39.0': '0.0', '40.0': '0.0', '41.0': '0.0', '42.0': '0.0', '43.0': '0.0', '44.0': '0.0', '45.0': '0.0', '46.0': '0.0', '47.0': '0.0', '48.0': '0.0', '49.0': '0.0', '50.0': '0.0', '51.0': '0.0', '52.0': '0.0', '53.0': '0.0', '54.0': '0.0', '55.0': '0.0', '56.0': '0.0', '57.0': '0.0', '58.0': '0.0', '59.0': '0.0', '60.0': '0.0', '61.0': '0.0', '62.0': '0.0', 'total': '896'}
Results have been written to ./public/data/summary_absolute.json
[main fe1311c] Update
 1 file changed, 20 insertions(+)
To github.com:oguguogu/poster-map.git
   00d5ebf..fe1311c  main -> main
Already up to date.
Filtered file saved to public/data/block/23-east.json
Filtered file saved to public/data/block/23-west.json
Filtered file saved to public/data/block/23-city.json
Filtered file saved to public/data/block/tama-north.json
Filtered file saved to public/data/block/tama-south.json
Filtered file saved to public/data/block/tama-west.json
Filtered file saved to public/data/block/island.json
File saved to public/data/all.json
/Users/ogurakazuki/poster-map/summarize_progress.py:9: DeprecationWarning: DataFrameGroupBy.apply operated on the grouping columns. This behavior is deprecated, and in a future version of pandas the grouping columns will be excluded from the operation. Either pass `include_groups=False` to exclude the groupings or explicitly select the grouping columns after groupby to silence this warning.
  status_counts = all_df.groupby('area').apply(
Results have been written to ./public/data/summary.json
/Users/ogurakazuki/poster-map/summarize_progress_absolute.py:9: DeprecationWarning: DataFrameGroupBy.apply operated on the grouping columns. This behavior is deprecated, and in a future version of pandas the grouping columns will be excluded from the operation. Either pass `include_groups=False` to exclude the groupings or explicitly select the grouping columns after groupby to silence this warning.
  status_counts = all_df.groupby('area').apply(
{'1.0': '0.0', '2.0': '0.0', '3.0': '0.0', '4.0': '0.0', '5.0': '0.0', '6.0': '0.0', '7.0': '0.0', '8.0': '0.0', '9.0': '0.0', '10.0': '0.0', '11.0': '896.0', '12.0': '0.0', '13.0': '0.0', '14.0': '0.0', '15.0': '0.0', '16.0': '0.0', '17.0': '0.0', '18.0': '0.0', '19.0': '0.0', '20.0': '0.0', '21.0': '0.0', '22.0': '0.0', '23.0': '0.0', '24.0': '0.0', '25.0': '0.0', '26.0': '0.0', '27.0': '0.0', '28.0': '0.0', '29.0': '0.0', '30.0': '0.0', '31.0': '0.0', '32.0': '0.0', '33.0': '0.0', '34.0': '0.0', '35.0': '0.0', '36.0': '0.0', '37.0': '0.0', '38.0': '0.0', '39.0': '0.0', '40.0': '0.0', '41.0': '0.0', '42.0': '0.0', '43.0': '0.0', '44.0': '0.0', '45.0': '0.0', '46.0': '0.0', '47.0': '0.0', '48.0': '0.0', '49.0': '0.0', '50.0': '0.0', '51.0': '0.0', '52.0': '0.0', '53.0': '0.0', '54.0': '0.0', '55.0': '0.0', '56.0': '0.0', '57.0': '0.0', '58.0': '0.0', '59.0': '0.0', '60.0': '0.0', '61.0': '0.0', '62.0': '0.0', 'total': '896'}
Results have been written to ./public/data/summary_absolute.json
[main a0836b1] Update
 4 files changed, 25 insertions(+), 5 deletions(-)
To github.com:oguguogu/poster-map.git
   fe1311c..a0836b1  main -> main
Already up to date.
Filtered file saved to public/data/block/23-east.json
Filtered file saved to public/data/block/23-west.json
Filtered file saved to public/data/block/23-city.json
Filtered file saved to public/data/block/tama-north.json
Filtered file saved to public/data/block/tama-south.json
Filtered file saved to public/data/block/tama-west.json
Filtered file saved to public/data/block/island.json
File saved to public/data/all.json
/Users/ogurakazuki/poster-map/summarize_progress.py:9: DeprecationWarning: DataFrameGroupBy.apply operated on the grouping columns. This behavior is deprecated, and in a future version of pandas the grouping columns will be excluded from the operation. Either pass `include_groups=False` to exclude the groupings or explicitly select the grouping columns after groupby to silence this warning.
  status_counts = all_df.groupby('area').apply(
Results have been written to ./public/data/summary.json
/Users/ogurakazuki/poster-map/summarize_progress_absolute.py:9: DeprecationWarning: DataFrameGroupBy.apply operated on the grouping columns. This behavior is deprecated, and in a future version of pandas the grouping columns will be excluded from the operation. Either pass `include_groups=False` to exclude the groupings or explicitly select the grouping columns after groupby to silence this warning.
  status_counts = all_df.groupby('area').apply(
{'1.0': '0.0', '2.0': '0.0', '3.0': '0.0', '4.0': '0.0', '5.0': '0.0', '6.0': '0.0', '7.0': '0.0', '8.0': '0.0', '9.0': '0.0', '10.0': '0.0', '11.0': '896.0', '12.0': '0.0', '13.0': '0.0', '14.0': '0.0', '15.0': '0.0', '16.0': '0.0', '17.0': '0.0', '18.0': '0.0', '19.0': '0.0', '20.0': '0.0', '21.0': '0.0', '22.0': '0.0', '23.0': '0.0', '24.0': '0.0', '25.0': '0.0', '26.0': '0.0', '27.0': '0.0', '28.0': '0.0', '29.0': '0.0', '30.0': '0.0', '31.0': '0.0', '32.0': '0.0', '33.0': '0.0', '34.0': '0.0', '35.0': '0.0', '36.0': '0.0', '37.0': '0.0', '38.0': '0.0', '39.0': '0.0', '40.0': '0.0', '41.0': '0.0', '42.0': '0.0', '43.0': '0.0', '44.0': '0.0', '45.0': '0.0', '46.0': '0.0', '47.0': '0.0', '48.0': '0.0', '49.0': '0.0', '50.0': '0.0', '51.0': '0.0', '52.0': '0.0', '53.0': '0.0', '54.0': '0.0', '55.0': '0.0', '56.0': '0.0', '57.0': '0.0', '58.0': '0.0', '59.0': '0.0', '60.0': '0.0', '61.0': '0.0', '62.0': '0.0', 'total': '896'}
Results have been written to ./public/data/summary_absolute.json
